[2026-03-08 22:00:04] Tidak cukup nomor aktif (butuh minimal 2). Keluar.
[2026-03-10 04:14:25] Mode tidur aktif (22:00 - 06:00). Tidak mengirim pesan.
[2026-03-10 04:30:01] Mode tidur aktif (22:00 - 06:00). Tidak mengirim pesan.
[2026-03-10 05:00:01] Mode tidur aktif (22:00 - 06:00). Tidak mengirim pesan.
[2026-03-10 05:30:01] Mode tidur aktif (22:00 - 06:00). Tidak mengirim pesan.
[2026-03-10 06:00:01] Mulai pengiriman peer-to-peer untuk 4 nomor.
[2026-03-10 06:00:01] OK  6285185021233 → 6285743363803
[2026-03-10 06:00:01] Delay 10 detik...
[2026-03-10 06:00:12] OK  6285185021233 → 6285158663803
[2026-03-10 06:00:12] Delay 11 detik...
[2026-03-10 06:00:24] OK  6285185021233 → 6282220243698
[2026-03-10 06:00:24] Delay 5 detik...
[2026-03-10 06:00:29] OK  6285743363803 → 6282220243698
[2026-03-10 06:00:29] Delay 11 detik...
[2026-03-10 06:00:40] Micro break 74 detik...
[2026-03-10 06:01:55] OK  6285743363803 → 6285158663803
[2026-03-10 06:01:55] Delay 12 detik...
[2026-03-10 06:02:08] OK  6285743363803 → 6285185021233
[2026-03-10 06:02:08] Delay 6 detik...
[2026-03-10 06:02:15] OK  6285158663803 → 6285743363803
[2026-03-10 06:02:15] Delay 5 detik...
[2026-03-10 06:02:21] OK  6285158663803 → 6285185021233
[2026-03-10 06:02:21] Delay 11 detik...
[2026-03-10 06:02:32] Micro break 53 detik...
[2026-03-10 06:03:25] OK  6285158663803 → 6282220243698
[2026-03-10 06:03:25] Delay 11 detik...
[2026-03-10 06:03:36] Micro break 80 detik...
[2026-03-10 06:04:57] OK  6282220243698 → 6285743363803
[2026-03-10 06:04:57] Delay 8 detik...
[2026-03-10 06:05:05] OK  6282220243698 → 6285185021233
[2026-03-10 06:05:05] Delay 9 detik...
[2026-03-10 06:05:15] OK  6282220243698 → 6285158663803
[2026-03-10 06:05:15] Delay 11 detik...
[2026-03-10 06:05:26] Selesai. Terkirim: 12, Gagal: 0.
[2026-03-10 06:05:26] Jadwal pengiriman berikutnya: 2026-03-10 10:22:26 (+4.3 jam)
[2026-03-10 06:30:01] Mulai pengiriman peer-to-peer untuk 4 nomor.
[2026-03-10 06:30:02] OK  6285158663803 → 6285743363803
[2026-03-10 06:30:02] Delay 10 detik...
[2026-03-10 06:30:13] OK  6285158663803 → 6282220243698
[2026-03-10 06:30:13] Delay 12 detik...
[2026-03-10 06:30:25] OK  6285158663803 → 6285185021233
[2026-03-10 06:30:25] Delay 9 detik...
[2026-03-10 06:30:35] OK  6285743363803 → 6285158663803
[2026-03-10 06:30:35] Delay 10 detik...
[2026-03-10 06:30:45] Micro break 93 detik...
[2026-03-10 06:32:18] OK  6285743363803 → 6282220243698
[2026-03-10 06:32:18] Delay 5 detik...
[2026-03-10 06:32:24] OK  6285743363803 → 6285185021233
[2026-03-10 06:32:24] Delay 8 detik...
[2026-03-10 06:32:33] OK  6285185021233 → 6285158663803
[2026-03-10 06:32:33] Delay 12 detik...
[2026-03-10 06:32:45] OK  6285185021233 → 6282220243698
[2026-03-10 06:32:45] Delay 10 detik...
[2026-03-10 06:32:56] OK  6285185021233 → 6285743363803
[2026-03-10 06:32:56] Delay 9 detik...
[2026-03-10 06:33:05] Micro break 46 detik...
[2026-03-10 06:33:51] OK  6282220243698 → 6285185021233
[2026-03-10 06:33:51] Delay 8 detik...
[2026-03-10 06:33:59] Micro break 91 detik...
[2026-03-10 06:35:31] OK  6282220243698 → 6285158663803
[2026-03-10 06:35:31] Delay 5 detik...
[2026-03-10 06:35:36] OK  6282220243698 → 6285743363803
[2026-03-10 06:35:36] Delay 12 detik...
[2026-03-10 06:35:48] Micro break 108 detik...
[2026-03-10 06:37:36] Selesai. Terkirim: 12, Gagal: 0.
[2026-03-10 06:37:36] Jadwal pengiriman berikutnya: 2026-03-10 12:04:36 (+5.5 jam)
[2026-03-10 07:00:01] Mulai pengiriman peer-to-peer untuk 4 nomor.
[2026-03-10 07:00:02] OK  6282220243698 → 6285185021233
[2026-03-10 07:00:02] Delay 11 detik...
[2026-03-10 07:00:13] OK  6282220243698 → 6285158663803
[2026-03-10 07:00:13] Delay 6 detik...
[2026-03-10 07:00:20] OK  6282220243698 → 6285743363803
[2026-03-10 07:00:20] Delay 5 detik...
[2026-03-10 07:00:25] OK  6285185021233 → 6282220243698
[2026-03-10 07:00:25] Delay 8 detik...
[2026-03-10 07:00:34] OK  6285185021233 → 6285158663803
[2026-03-10 07:00:34] Delay 12 detik...
[2026-03-10 07:00:46] OK  6285185021233 → 6285743363803
[2026-03-10 07:00:46] Delay 6 detik...
[2026-03-10 07:00:53] OK  6285158663803 → 6282220243698
[2026-03-10 07:00:53] Delay 12 detik...
[2026-03-10 07:01:05] OK  6285158663803 → 6285185021233
[2026-03-10 07:01:05] Delay 5 detik...
[2026-03-10 07:01:11] OK  6285158663803 → 6285743363803
[2026-03-10 07:01:11] Delay 10 detik...
[2026-03-10 07:01:22] OK  6285743363803 → 6282220243698
[2026-03-10 07:01:22] Delay 6 detik...
[2026-03-10 07:01:29] OK  6285743363803 → 6285158663803
[2026-03-10 07:01:29] Delay 8 detik...
[2026-03-10 07:01:37] OK  6285743363803 → 6285185021233
[2026-03-10 07:01:37] Delay 7 detik...
[2026-03-10 07:01:44] Selesai. Terkirim: 12, Gagal: 0.
[2026-03-10 07:01:44] Jadwal pengiriman berikutnya: 2026-03-10 08:21:44 (+1.3 jam)
[2026-03-10 07:30:01] Mulai pengiriman peer-to-peer untuk 4 nomor.
[2026-03-10 07:30:02] OK  6285743363803 → 6285158663803
[2026-03-10 07:30:02] Delay 6 detik...
[2026-03-10 07:30:08] OK  6285743363803 → 6285185021233
[2026-03-10 07:30:08] Delay 12 detik...
[2026-03-10 07:30:20] OK  6285743363803 → 6282220243698
[2026-03-10 07:30:20] Delay 7 detik...
[2026-03-10 07:30:28] OK  6282220243698 → 6285743363803
[2026-03-10 07:30:28] Delay 8 detik...
[2026-03-10 07:30:36] OK  6282220243698 → 6285185021233
[2026-03-10 07:30:36] Delay 7 detik...
[2026-03-10 07:30:44] OK  6282220243698 → 6285158663803
[2026-03-10 07:30:44] Delay 6 detik...
[2026-03-10 07:30:50] OK  6285158663803 → 6282220243698
[2026-03-10 07:30:50] Delay 7 detik...
[2026-03-10 07:30:58] OK  6285158663803 → 6285185021233
[2026-03-10 07:30:58] Delay 11 detik...
[2026-03-10 07:31:10] OK  6285158663803 → 6285743363803
[2026-03-10 07:31:10] Delay 10 detik...
[2026-03-10 07:31:20] OK  6285185021233 → 6282220243698
[2026-03-10 07:31:20] Delay 9 detik...
[2026-03-10 07:31:30] OK  6285185021233 → 6285158663803
[2026-03-10 07:31:30] Delay 9 detik...
[2026-03-10 07:31:39] OK  6285185021233 → 6285743363803
[2026-03-10 07:31:39] Delay 7 detik...
[2026-03-10 07:31:46] Selesai. Terkirim: 12, Gagal: 0.
[2026-03-10 07:31:46] Jadwal pengiriman berikutnya: 2026-03-10 08:51:46 (+1.3 jam)
[2026-03-10 08:00:01] Mulai pengiriman peer-to-peer untuk 4 nomor.
[2026-03-10 08:00:02] OK  6285743363803 → 6285185021233
[2026-03-10 08:00:02] Delay 7 detik...
[2026-03-10 08:00:09] OK  6285743363803 → 6285158663803
[2026-03-10 08:00:09] Delay 12 detik...
[2026-03-10 08:00:22] OK  6285743363803 → 6282220243698
[2026-03-10 08:00:22] Delay 10 detik...
[2026-03-10 08:00:33] OK  6285158663803 → 6282220243698
[2026-03-10 08:00:33] Delay 8 detik...
[2026-03-10 08:00:41] OK  6285158663803 → 6285743363803
[2026-03-10 08:00:41] Delay 5 detik...
[2026-03-10 08:00:47] OK  6285158663803 → 6285185021233
[2026-03-10 08:00:47] Delay 11 detik...
[2026-03-10 08:00:59] OK  6285185021233 → 6285743363803
[2026-03-10 08:00:59] Delay 10 detik...
[2026-03-10 08:01:09] OK  6285185021233 → 6282220243698
[2026-03-10 08:01:09] Delay 9 detik...
[2026-03-10 08:01:19] OK  6285185021233 → 6285158663803
[2026-03-10 08:01:19] Delay 8 detik...
[2026-03-10 08:01:27] OK  6282220243698 → 6285743363803
[2026-03-10 08:01:27] Delay 9 detik...
[2026-03-10 08:01:37] OK  6282220243698 → 6285185021233
[2026-03-10 08:01:37] Delay 6 detik...
[2026-03-10 08:01:43] OK  6282220243698 → 6285158663803
[2026-03-10 08:01:43] Delay 8 detik...
[2026-03-10 08:01:51] Micro break 96 detik...
[2026-03-10 08:03:27] Selesai. Terkirim: 12, Gagal: 0.
[2026-03-10 08:03:27] Jadwal pengiriman berikutnya: 2026-03-10 08:31:27 (+28 menit)
[2026-03-10 08:30:01] Mulai pengiriman peer-to-peer untuk 4 nomor.
[2026-03-10 08:30:02] OK  6285158660803 → 6285158663803
[2026-03-10 08:30:02] Delay 11 detik...
[2026-03-10 08:30:14] OK  6285158660803 → 6285185021233
[2026-03-10 08:30:14] Delay 9 detik...
[2026-03-10 08:30:24] OK  6285158660803 → 6282220243698
[2026-03-10 08:30:24] Delay 6 detik...
[2026-03-10 08:30:30] OK  6285158663803 → 6285185021233
[2026-03-10 08:30:30] Delay 7 detik...
[2026-03-10 08:30:38] OK  6285158663803 → 6285158660803
[2026-03-10 08:30:38] Delay 10 detik...
[2026-03-10 08:30:48] OK  6285158663803 → 6282220243698
[2026-03-10 08:30:48] Delay 8 detik...
[2026-03-10 08:30:57] OK  6285185021233 → 6285158660803
[2026-03-10 08:30:57] Delay 7 detik...
[2026-03-10 08:31:04] OK  6285185021233 → 6285158663803
[2026-03-10 08:31:04] Delay 9 detik...
[2026-03-10 08:31:14] OK  6285185021233 → 6282220243698
[2026-03-10 08:31:14] Delay 10 detik...
[2026-03-10 08:31:24] OK  6282220243698 → 6285158663803
[2026-03-10 08:31:24] Delay 10 detik...
[2026-03-10 08:31:35] OK  6282220243698 → 6285158660803
[2026-03-10 08:31:35] Delay 12 detik...
[2026-03-10 08:31:47] OK  6282220243698 → 6285185021233
[2026-03-10 08:31:47] Delay 6 detik...
[2026-03-10 08:31:53] Selesai. Terkirim: 12, Gagal: 0.
[2026-03-10 08:31:53] Jadwal pengiriman berikutnya: 2026-03-10 08:59:53 (+28 menit)
[2026-03-10 09:00:01] Mulai pengiriman peer-to-peer untuk 4 nomor.
[2026-03-10 09:00:01] SKIP 6285185021233 (daily limit tercapai)
[2026-03-10 09:00:01] SKIP 6282220243698 (daily limit tercapai)
[2026-03-10 09:00:01] SKIP 6285158663803 (daily limit tercapai)
[2026-03-10 09:00:03] OK  6285158660803 → 6282220243698
[2026-03-10 09:00:03] Delay 7 detik...
[2026-03-10 09:00:11] OK  6285158660803 → 6285185021233
[2026-03-10 09:00:11] Delay 7 detik...
[2026-03-10 09:00:18] OK  6285158660803 → 6285158663803
[2026-03-10 09:00:18] Delay 8 detik...
[2026-03-10 09:00:26] Selesai. Terkirim: 3, Gagal: 0.
[2026-03-10 09:00:26] Jadwal pengiriman berikutnya: 2026-03-10 09:23:26 (+23 menit)
[2026-03-10 09:30:01] Mulai pengiriman peer-to-peer untuk 4 nomor.
[2026-03-10 09:30:01] SKIP 6285185021233 (daily limit tercapai)
[2026-03-10 09:30:01] SKIP 6285158663803 (daily limit tercapai)
[2026-03-10 09:30:01] SKIP 6282220243698 (daily limit tercapai)
[2026-03-10 09:30:02] OK  6285158660803 → 6285158663803
[2026-03-10 09:30:02] Delay 4 detik...
[2026-03-10 09:30:06] OK  6285158660803 → 6282220243698
[2026-03-10 09:30:06] Delay 7 detik...
[2026-03-10 09:30:13] OK  6285158660803 → 6285185021233
[2026-03-10 09:30:13] Delay 4 detik...
[2026-03-10 09:30:17] Selesai. Terkirim: 3, Gagal: 0.
[2026-03-10 09:30:17] Jadwal pengiriman berikutnya: 2026-03-10 09:55:17 (+25 menit)
[2026-03-10 10:00:01] Mulai pengiriman peer-to-peer untuk 4 nomor.
[2026-03-10 10:00:01] SKIP 6285158663803 (daily limit tercapai)
[2026-03-10 10:00:01] SKIP 6282220243698 (daily limit tercapai)
[2026-03-10 10:00:01] OK  6285158660803 → 6282220243698
[2026-03-10 10:00:01] Delay 7 detik...
[2026-03-10 10:00:09] OK  6285158660803 → 6285185021233
[2026-03-10 10:00:09] Delay 6 detik...
[2026-03-10 10:00:15] Micro break 61 detik...
[2026-03-10 10:01:16] OK  6285158660803 → 6285158663803
[2026-03-10 10:01:16] Delay 7 detik...
[2026-03-10 10:01:23] SKIP 6285185021233 (daily limit tercapai)
[2026-03-10 10:01:23] Selesai. Terkirim: 3, Gagal: 0.
[2026-03-10 10:01:23] Jadwal pengiriman berikutnya: 2026-03-10 11:19:23 (+1.3 jam)
[2026-03-10 10:30:01] Mulai pengiriman peer-to-peer untuk 4 nomor.
[2026-03-10 10:30:01] SKIP 6282220243698 (daily limit tercapai)
[2026-03-10 10:30:01] SKIP 6285158660803 (daily limit tercapai)
[2026-03-10 10:30:01] SKIP 6285185021233 (daily limit tercapai)
[2026-03-10 10:30:01] SKIP 6285158663803 (daily limit tercapai)
[2026-03-10 10:30:01] Selesai. Terkirim: 0, Gagal: 0.
[2026-03-10 10:30:01] Jadwal pengiriman berikutnya: 2026-03-10 11:22:01 (+52 menit)
[2026-03-10 11:00:01] Mulai pengiriman peer-to-peer untuk 4 nomor.
[2026-03-10 11:00:01] SKIP 6285185021233 (daily limit tercapai)
[2026-03-10 11:00:01] SKIP 6282220243698 (daily limit tercapai)
[2026-03-10 11:00:01] SKIP 6285158663803 (daily limit tercapai)
[2026-03-10 11:00:01] SKIP 6285158660803 (daily limit tercapai)
[2026-03-10 11:00:01] Selesai. Terkirim: 0, Gagal: 0.
[2026-03-10 11:00:01] Jadwal pengiriman berikutnya: 2026-03-10 14:57:01 (+4 jam)
[2026-03-10 11:30:02] Mulai pengiriman peer-to-peer untuk 4 nomor.
[2026-03-10 11:30:02] SKIP 6285158660803 (daily limit tercapai)
[2026-03-10 11:30:02] SKIP 6282220243698 (daily limit tercapai)
[2026-03-10 11:30:02] SKIP 6285185021233 (daily limit tercapai)
[2026-03-10 11:30:02] SKIP 6285158663803 (daily limit tercapai)
[2026-03-10 11:30:02] Selesai. Terkirim: 0, Gagal: 0.
[2026-03-10 11:30:02] Jadwal pengiriman berikutnya: 2026-03-10 13:38:02 (+2.1 jam)
[2026-03-10 12:00:01] Mulai pengiriman peer-to-peer untuk 4 nomor.
[2026-03-10 12:00:01] SKIP 6285185021233 (daily limit tercapai)
[2026-03-10 12:00:01] SKIP 6285158663803 (daily limit tercapai)
[2026-03-10 12:00:01] SKIP 6282220243698 (daily limit tercapai)
[2026-03-10 12:00:01] SKIP 6285158660803 (daily limit tercapai)
[2026-03-10 12:00:01] Selesai. Terkirim: 0, Gagal: 0.
[2026-03-10 12:00:01] Jadwal pengiriman berikutnya: 2026-03-10 14:41:01 (+2.7 jam)
[2026-03-10 12:30:01] Mulai pengiriman peer-to-peer untuk 4 nomor.
[2026-03-10 12:30:01] SKIP 6285185021233 (daily limit tercapai)
[2026-03-10 12:30:01] SKIP 6285158660803 (daily limit tercapai)
[2026-03-10 12:30:01] SKIP 6285158663803 (daily limit tercapai)
[2026-03-10 12:30:01] SKIP 6282220243698 (daily limit tercapai)
[2026-03-10 12:30:01] Selesai. Terkirim: 0, Gagal: 0.
[2026-03-10 12:30:01] Jadwal pengiriman berikutnya: 2026-03-10 15:04:01 (+2.6 jam)
[2026-03-10 13:00:01] Mulai pengiriman peer-to-peer untuk 4 nomor.
[2026-03-10 13:00:01] SKIP 6285158660803 (daily limit tercapai)
[2026-03-10 13:00:01] SKIP 6282220243698 (daily limit tercapai)
[2026-03-10 13:00:01] SKIP 6285158663803 (daily limit tercapai)
[2026-03-10 13:00:01] SKIP 6285185021233 (daily limit tercapai)
[2026-03-10 13:00:01] Selesai. Terkirim: 0, Gagal: 0.
[2026-03-10 13:00:01] Jadwal pengiriman berikutnya: 2026-03-10 13:20:01 (+20 menit)
[2026-03-10 13:30:01] Mulai pengiriman peer-to-peer untuk 4 nomor.
[2026-03-10 13:30:01] SKIP 6282220243698 (daily limit tercapai)
[2026-03-10 13:30:01] SKIP 6285185021233 (daily limit tercapai)
[2026-03-10 13:30:01] SKIP 6285158660803 (daily limit tercapai)
[2026-03-10 13:30:01] SKIP 6285158663803 (daily limit tercapai)
[2026-03-10 13:30:01] Selesai. Terkirim: 0, Gagal: 0.
[2026-03-10 13:30:01] Jadwal pengiriman berikutnya: 2026-03-10 14:00:01 (+30 menit)
[2026-03-10 14:00:02] Mulai pengiriman peer-to-peer untuk 4 nomor.
[2026-03-10 14:00:02] SKIP 6285185021233 (daily limit tercapai)
[2026-03-10 14:00:02] SKIP 6282220243698 (daily limit tercapai)
[2026-03-10 14:00:02] SKIP 6285158660803 (daily limit tercapai)
[2026-03-10 14:00:02] SKIP 6285158663803 (daily limit tercapai)
[2026-03-10 14:00:02] Selesai. Terkirim: 0, Gagal: 0.
[2026-03-10 14:00:02] Jadwal pengiriman berikutnya: 2026-03-10 14:26:02 (+26 menit)
[2026-03-10 14:30:01] Mulai pengiriman peer-to-peer untuk 4 nomor.
[2026-03-10 14:30:01] SKIP 6282220243698 (daily limit tercapai)
[2026-03-10 14:30:01] SKIP 6285185021233 (daily limit tercapai)
[2026-03-10 14:30:01] SKIP 6285158663803 (daily limit tercapai)
[2026-03-10 14:30:01] SKIP 6285158660803 (daily limit tercapai)
[2026-03-10 14:30:01] Selesai. Terkirim: 0, Gagal: 0.
[2026-03-10 14:30:01] Jadwal pengiriman berikutnya: 2026-03-10 20:05:01 (+5.6 jam)
[2026-03-10 15:00:01] Mulai pengiriman peer-to-peer untuk 4 nomor.
[2026-03-10 15:00:01] SKIP 6285158660803 (daily limit tercapai)
[2026-03-10 15:00:01] SKIP 6282220243698 (daily limit tercapai)
[2026-03-10 15:00:01] SKIP 6285158663803 (daily limit tercapai)
[2026-03-10 15:00:01] SKIP 6285185021233 (daily limit tercapai)
[2026-03-10 15:00:01] Selesai. Terkirim: 0, Gagal: 0.
[2026-03-10 15:00:01] Jadwal pengiriman berikutnya: 2026-03-10 15:40:01 (+40 menit)
[2026-03-10 15:30:01] Mulai pengiriman peer-to-peer untuk 4 nomor.
[2026-03-10 15:30:01] SKIP 6282220243698 (daily limit tercapai)
[2026-03-10 15:30:01] SKIP 6285158660803 (daily limit tercapai)
[2026-03-10 15:30:01] SKIP 6285185021233 (daily limit tercapai)
[2026-03-10 15:30:01] SKIP 6285158663803 (daily limit tercapai)
[2026-03-10 15:30:01] Selesai. Terkirim: 0, Gagal: 0.
[2026-03-10 15:30:01] Jadwal pengiriman berikutnya: 2026-03-10 16:03:01 (+33 menit)
[2026-03-10 16:00:01] Mulai pengiriman peer-to-peer untuk 4 nomor.
[2026-03-10 16:00:01] SKIP 6282220243698 (daily limit tercapai)
[2026-03-10 16:00:01] SKIP 6285185021233 (daily limit tercapai)
[2026-03-10 16:00:01] SKIP 6285158663803 (daily limit tercapai)
[2026-03-10 16:00:01] SKIP 6285158660803 (daily limit tercapai)
[2026-03-10 16:00:01] Selesai. Terkirim: 0, Gagal: 0.
[2026-03-10 16:00:01] Jadwal pengiriman berikutnya: 2026-03-10 20:15:01 (+4.3 jam)
[2026-03-10 16:30:01] Mulai pengiriman peer-to-peer untuk 4 nomor.
[2026-03-10 16:30:01] SKIP 6285185021233 (daily limit tercapai)
[2026-03-10 16:30:01] SKIP 6285158660803 (daily limit tercapai)
[2026-03-10 16:30:01] SKIP 6285158663803 (daily limit tercapai)
[2026-03-10 16:30:01] SKIP 6282220243698 (daily limit tercapai)
[2026-03-10 16:30:01] Selesai. Terkirim: 0, Gagal: 0.
[2026-03-10 16:30:01] Jadwal pengiriman berikutnya: 2026-03-10 19:14:01 (+2.7 jam)
[2026-03-10 17:00:01] Mulai pengiriman peer-to-peer untuk 4 nomor.
[2026-03-10 17:00:01] SKIP 6285158663803 (daily limit tercapai)
[2026-03-10 17:00:01] SKIP 6285185021233 (daily limit tercapai)
[2026-03-10 17:00:01] SKIP 6285158660803 (daily limit tercapai)
[2026-03-10 17:00:01] SKIP 6282220243698 (daily limit tercapai)
[2026-03-10 17:00:01] Selesai. Terkirim: 0, Gagal: 0.
[2026-03-10 17:00:01] Jadwal pengiriman berikutnya: 2026-03-10 19:49:01 (+2.8 jam)
[2026-03-10 17:30:01] Mulai pengiriman peer-to-peer untuk 4 nomor.
[2026-03-10 17:30:01] SKIP 6285185021233 (daily limit tercapai)
[2026-03-10 17:30:01] SKIP 6285158663803 (daily limit tercapai)
[2026-03-10 17:30:01] SKIP 6285158660803 (daily limit tercapai)
[2026-03-10 17:30:01] SKIP 6282220243698 (daily limit tercapai)
[2026-03-10 17:30:01] Selesai. Terkirim: 0, Gagal: 0.
[2026-03-10 17:30:01] Jadwal pengiriman berikutnya: 2026-03-10 19:26:01 (+1.9 jam)
